e:\game\pathgenerator\navigation\debug\vc141.pdb
e:\game\pathgenerator\navigation\debug\vc141.idb
e:\game\pathgenerator\navigation\debug\detournavmeshbuilder.obj
e:\game\pathgenerator\navigation\debug\detournavmesh.obj
e:\game\pathgenerator\navigation\debug\detourcommon.obj
e:\game\pathgenerator\navigation\debug\detouralloc.obj
e:\game\pathgenerator\navigation\debug\detourtilecacheregion.obj
e:\game\pathgenerator\navigation\debug\detourtilecachedetail.obj
e:\game\pathgenerator\navigation\debug\detourtilecachebuilder.obj
e:\game\pathgenerator\navigation\debug\detourtilecache.obj
e:\game\pathgenerator\navigation\debug\detoursharedboundary.obj
e:\game\pathgenerator\navigation\debug\detourproximitygrid.obj
e:\game\pathgenerator\navigation\debug\detourpathqueue.obj
e:\game\pathgenerator\navigation\debug\detourpathcorridor.obj
e:\game\pathgenerator\navigation\debug\detourobstacleavoidance.obj
e:\game\pathgenerator\navigation\debug\detourlocalboundary.obj
e:\game\pathgenerator\navigation\debug\detourcrowd.obj
e:\game\pathgenerator\navigation\debug\recastdebugdraw.obj
e:\game\pathgenerator\navigation\debug\detourdebugdraw.obj
e:\game\pathgenerator\navigation\debug\debugdraw.obj
e:\game\pathgenerator\navigation\debug\fnavmeshpath.obj
e:\game\pathgenerator\navigation\debug\detournode.obj
e:\game\pathgenerator\navigation\debug\detournavmeshquery.obj
e:\game\pathgenerator\navigation\debug\recastdump.obj
e:\game\pathgenerator\navigation\debug\dtmeshloader.obj
e:\game\pathgenerator\navigation\debug\fvector.obj
e:\game\pathgenerator\navigation\debug\stdafx.obj
e:\game\pathgenerator\navigation\debug\recastregion.obj
e:\game\pathgenerator\navigation\debug\recastrasterization.obj
e:\game\pathgenerator\navigation\debug\recastmeshdetail.obj
e:\game\pathgenerator\navigation\debug\recastmesh.obj
e:\game\pathgenerator\navigation\debug\recastlayers.obj
e:\game\pathgenerator\navigation\debug\recastfilter.obj
e:\game\pathgenerator\navigation\debug\recastcontour.obj
e:\game\pathgenerator\navigation\debug\recastarea.obj
e:\game\pathgenerator\navigation\debug\recastalloc.obj
e:\game\pathgenerator\navigation\debug\recast.obj
e:\game\pathgenerator\navigation\debug\pathgenerator.obj
e:\game\pathgenerator\debug\navigation.dll
e:\game\pathgenerator\debug\navigation.ilk
e:\game\pathgenerator\debug\navigation.pdb
e:\game\pathgenerator\debug\navigation.lib
e:\game\pathgenerator\debug\navigation.exp
e:\game\pathgenerator\navigation\debug\navigation.tlog\cl.command.1.tlog
e:\game\pathgenerator\navigation\debug\navigation.tlog\cl.read.1.tlog
e:\game\pathgenerator\navigation\debug\navigation.tlog\cl.write.1.tlog
e:\game\pathgenerator\navigation\debug\navigation.tlog\link.19532.delete.1.tlog
e:\game\pathgenerator\navigation\debug\navigation.tlog\link.3592.delete.1.tlog
e:\game\pathgenerator\navigation\debug\navigation.tlog\link.command.1.tlog
e:\game\pathgenerator\navigation\debug\navigation.tlog\link.read.1.tlog
e:\game\pathgenerator\navigation\debug\navigation.tlog\link.write.1.tlog
e:\game\pathgenerator\navigation\debug\navigation.tlog\navigation.write.1u.tlog
